<?xml version="1.0" encoding="UTF-8"?>
<!-- Generated by org.testng.reporters.JUnitReportReporter -->
<testsuite hostname="DESKTOP-SBTNFQP" failures="0" tests="8" name="TestScenario1.Sample2" time="0.036" errors="0" timestamp="2023-10-05T13:13:09 IST" skipped="0">
  <testcase classname="TestScenario1.Sample2" name="opentheAccountPage" time="0.003"/>
  <testcase classname="TestScenario1.Sample2" name="opentheAccountPage" time="0.005"/>
  <testcase classname="TestScenario1.Sample2" name="login" time="0.001"/>
  <testcase classname="TestScenario1.Sample2" name="Accounts" time="0.002"/>
  <testcase classname="TestScenario1.Sample2" name="createAccount" time="0.001"/>
  <testcase classname="TestScenario1.Sample2" name="createAccount" time="0.005"/>
  <testcase classname="TestScenario1.Sample2" name="Logout" time="0.010"/>
  <testcase classname="TestScenario1.Sample2" name="Logout" time="0.009"/>
</testsuite> <!-- TestScenario1.Sample2 -->
