<?xml version="1.0" encoding="UTF-8"?>
<!-- Generated by org.testng.reporters.JUnitReportReporter -->
<testsuite hostname="DESKTOP-SBTNFQP" failures="0" tests="1" name="com.app.TestNGScripts.BeforeAftermethodAnnoatation" time="10.877" errors="0" timestamp="2023-10-05T13:07:54 IST" skipped="0">
  <testcase classname="com.app.TestNGScripts.BeforeAftermethodAnnoatation" name="logout" time="10.877"/>
</testsuite> <!-- com.app.TestNGScripts.BeforeAftermethodAnnoatation -->
