<?xml version="1.0" encoding="UTF-8"?>
<!-- Generated by org.testng.reporters.JUnitReportReporter -->
<testsuite hostname="DESKTOP-SBTNFQP" failures="0" tests="1" name="com.app.TestNG.extentreports.SetUpCheck" time="1.708" errors="0" timestamp="2023-10-06T11:20:42 IST" skipped="0">
  <testcase classname="com.app.TestNG.extentreports.SetUpCheck" name="extentDemo2" time="1.708"/>
</testsuite> <!-- com.app.TestNG.extentreports.SetUpCheck -->
