<?xml version="1.0" encoding="UTF-8"?>
<!-- Generated by org.testng.reporters.JUnitReportReporter -->
<testsuite hostname="DESKTOP-SBTNFQP" failures="0" tests="1" name="com.app.TestNG.extentreports.ExtentReportDemo2" time="2.124" errors="0" timestamp="2023-10-06T10:36:50 IST" skipped="0">
  <testcase classname="com.app.TestNG.extentreports.ExtentReportDemo2" name="extentDemo2" time="2.124"/>
</testsuite> <!-- com.app.TestNG.extentreports.ExtentReportDemo2 -->
