<?xml version="1.0" encoding="UTF-8"?>
<!-- Generated by org.testng.reporters.JUnitReportReporter -->
<testsuite hostname="DESKTOP-SBTNFQP" failures="0" tests="3" name="com.app.TestNGScripts.TestAnnotation" time="25.199" errors="0" timestamp="2023-10-05T14:10:07 IST" skipped="0">
  <testcase classname="com.app.TestNGScripts.TestAnnotation" name="GetTitle" time="6.053"/>
  <testcase classname="com.app.TestNGScripts.TestAnnotation" name="logout" time="11.241"/>
  <testcase classname="com.app.TestNGScripts.TestAnnotation" name="login" time="7.905"/>
</testsuite> <!-- com.app.TestNGScripts.TestAnnotation -->
