<?xml version="1.0" encoding="UTF-8"?>
<!-- Generated by org.testng.reporters.JUnitReportReporter -->
<testsuite hostname="DESKTOP-SBTNFQP" failures="0" tests="7" name="TestScenario1.Sample1" time="0.035" errors="0" timestamp="2023-10-05T13:13:09 IST" skipped="0">
  <testcase classname="TestScenario1.Sample1" name="openapp" time="0.014"/>
  <testcase classname="TestScenario1.Sample1" name="openapp" time="0.004"/>
  <testcase classname="TestScenario1.Sample1" name="loginSample1" time="0.002"/>
  <testcase classname="TestScenario1.Sample1" name="loginwithInvaliddata" time="0.003"/>
  <testcase classname="TestScenario1.Sample1" name="loginwithInvaliddata" time="0.002"/>
  <testcase classname="TestScenario1.Sample1" name="loginwithWrongpassword" time="0.002"/>
  <testcase classname="TestScenario1.Sample1" name="loginwithWrongpassword" time="0.008"/>
</testsuite> <!-- TestScenario1.Sample1 -->
