<?xml version="1.0" encoding="UTF-8"?>
<!-- Generated by org.testng.reporters.JUnitReportReporter -->
<testsuite hostname="DESKTOP-SBTNFQP" failures="0" tests="3" name="TestScenario1.Sample3" time="3.091" errors="0" timestamp="2023-10-05T12:57:02 IST" skipped="2">
  <testcase classname="TestScenario1.Sample3" name="login" time="3.091"/>
  <testcase classname="TestScenario1.Sample3" name="GetTitle">
    <skipped/>
  </testcase> <!-- GetTitle -->
  <testcase classname="TestScenario1.Sample3" name="logout">
    <skipped/>
  </testcase> <!-- logout -->
</testsuite> <!-- TestScenario1.Sample3 -->
