<?xml version="1.0" encoding="UTF-8"?>
<!-- Generated by org.testng.reporters.JUnitReportReporter -->
<testsuite hostname="DESKTOP-SBTNFQP" failures="0" tests="10" name="com.app.TestNG.DataDrivenTesting.WikiCreateAccount" time="26.356" errors="0" timestamp="2023-10-07T12:12:37 IST" skipped="0">
  <testcase classname="com.app.TestNG.DataDrivenTesting.WikiCreateAccount" name="CreateAccount" time="2.758"/>
  <testcase classname="com.app.TestNG.DataDrivenTesting.WikiCreateAccount" name="CreateAccount" time="2.627"/>
  <testcase classname="com.app.TestNG.DataDrivenTesting.WikiCreateAccount" name="CreateAccount" time="2.619"/>
  <testcase classname="com.app.TestNG.DataDrivenTesting.WikiCreateAccount" name="CreateAccount" time="2.713"/>
  <testcase classname="com.app.TestNG.DataDrivenTesting.WikiCreateAccount" name="CreateAccount" time="2.563"/>
  <testcase classname="com.app.TestNG.DataDrivenTesting.WikiCreateAccount" name="CreateAccount" time="2.615"/>
  <testcase classname="com.app.TestNG.DataDrivenTesting.WikiCreateAccount" name="CreateAccount" time="2.681"/>
  <testcase classname="com.app.TestNG.DataDrivenTesting.WikiCreateAccount" name="CreateAccount" time="2.570"/>
  <testcase classname="com.app.TestNG.DataDrivenTesting.WikiCreateAccount" name="CreateAccount" time="2.646"/>
  <testcase classname="com.app.TestNG.DataDrivenTesting.WikiCreateAccount" name="CreateAccount" time="2.564"/>
</testsuite> <!-- com.app.TestNG.DataDrivenTesting.WikiCreateAccount -->
